# JRE version: Java(TM) SE Runtime Environment (22.0+36) (build 22+36-2370)
# Java VM: Java HotSpot(TM) 64-Bit Server VM (22+36-2370, mixed mode, sharing, tiered, compressed oops, compressed class ptrs, parallel gc, windows-amd64)
GC Precious Log:
 CardTable entry size: 512
 CPUs: 2 total, 2 available
 Memory: 10116M
 Large Page Support: Disabled
 NUMA Support: Disabled
 Compressed Oops: Enabled (32-bit)
 Alignments: Space 512K, Generation 512K, Heap 2M
 Heap Min Capacity: 100M
 Heap Initial Capacity: 100M
 Heap Max Capacity: 1G
 Pre-touch: Disabled
 Parallel Workers: 2
Heap:
 PSYoungGen      total 15360K, used 4639K [0x00000000eab00000, 0x00000000ebd00000, 0x0000000100000000)
  eden space 13312K, 22% used [0x00000000eab00000,0x00000000eadf2748,0x00000000eb800000)
  from space 2048K, 79% used [0x00000000ebb00000,0x00000000ebc95600,0x00000000ebd00000)
  to   space 2048K, 0% used [0x00000000eb900000,0x00000000eb900000,0x00000000ebb00000)
 ParOldGen       total 68608K, used 63960K [0x00000000c0000000, 0x00000000c4300000, 0x00000000eab00000)
  object space 68608K, 93% used [0x00000000c0000000,0x00000000c3e76268,0x00000000c4300000)
 Metaspace       used 67799K, committed 69184K, reserved 1114112K
  class space    used 7333K, committed 7872K, reserved 1048576K
GC Heap History (20 events):
Event: 97.195 GC heap before
{Heap before GC invocations=97 (full 3):
 PSYoungGen      total 16896K, used 16413K [0x00000000eab00000, 0x00000000ebd80000, 0x0000000100000000)
  eden space 14848K, 100% used [0x00000000eab00000,0x00000000eb980000,0x00000000eb980000)
  from space 2048K, 76% used [0x00000000eb980000,0x00000000ebb07460,0x00000000ebb80000)
  to   space 2048K, 0% used [0x00000000ebb80000,0x00000000ebb80000,0x00000000ebd80000)
 ParOldGen       total 68608K, used 44234K [0x00000000c0000000, 0x00000000c4300000, 0x00000000eab00000)
  object space 68608K, 64% used [0x00000000c0000000,0x00000000c2b32ac0,0x00000000c4300000)
 Metaspace       used 63570K, committed 64896K, reserved 1114112K
  class space    used 6857K, committed 7360K, reserved 1048576K
}
Event: 97.200 GC heap after
{Heap after GC invocations=97 (full 3):
 PSYoungGen      total 16384K, used 1128K [0x00000000eab00000, 0x00000000ebd00000, 0x0000000100000000)
  eden space 14848K, 0% used [0x00000000eab00000,0x00000000eab00000,0x00000000eb980000)
  from space 1536K, 73% used [0x00000000ebb80000,0x00000000ebc9a248,0x00000000ebd00000)
  to   space 1536K, 0% used [0x00000000eba00000,0x00000000eba00000,0x00000000ebb80000)
 ParOldGen       total 68608K, used 45725K [0x00000000c0000000, 0x00000000c4300000, 0x00000000eab00000)
  object space 68608K, 66% used [0x00000000c0000000,0x00000000c2ca7780,0x00000000c4300000)
 Metaspace       used 63570K, committed 64896K, reserved 1114112K
  class space    used 6857K, committed 7360K, reserved 1048576K
}
Event: 97.330 GC heap before
{Heap before GC invocations=98 (full 3):
 PSYoungGen      total 16384K, used 15976K [0x00000000eab00000, 0x00000000ebd00000, 0x0000000100000000)
  eden space 14848K, 99% used [0x00000000eab00000,0x00000000eb97ffc0,0x00000000eb980000)
  from space 1536K, 73% used [0x00000000ebb80000,0x00000000ebc9a248,0x00000000ebd00000)
  to   space 1536K, 0% used [0x00000000eba00000,0x00000000eba00000,0x00000000ebb80000)
 ParOldGen       total 68608K, used 45725K [0x00000000c0000000, 0x00000000c4300000, 0x00000000eab00000)
  object space 68608K, 66% used [0x00000000c0000000,0x00000000c2ca7780,0x00000000c4300000)
 Metaspace       used 63584K, committed 64896K, reserved 1114112K
  class space    used 6857K, committed 7360K, reserved 1048576K
}
Event: 97.335 GC heap after
{Heap after GC invocations=98 (full 3):
 PSYoungGen      total 16384K, used 1280K [0x00000000eab00000, 0x00000000ebc80000, 0x0000000100000000)
  eden space 14848K, 0% used [0x00000000eab00000,0x00000000eab00000,0x00000000eb980000)
  from space 1536K, 83% used [0x00000000eba00000,0x00000000ebb402d0,0x00000000ebb80000)
  to   space 1024K, 0% used [0x00000000ebb80000,0x00000000ebb80000,0x00000000ebc80000)
 ParOldGen       total 68608K, used 46780K [0x00000000c0000000, 0x00000000c4300000, 0x00000000eab00000)
  object space 68608K, 68% used [0x00000000c0000000,0x00000000c2daf0e0,0x00000000c4300000)
 Metaspace       used 63584K, committed 64896K, reserved 1114112K
  class space    used 6857K, committed 7360K, reserved 1048576K
}
Event: 97.532 GC heap before
{Heap before GC invocations=99 (full 3):
 PSYoungGen      total 16384K, used 16128K [0x00000000eab00000, 0x00000000ebc80000, 0x0000000100000000)
  eden space 14848K, 100% used [0x00000000eab00000,0x00000000eb980000,0x00000000eb980000)
  from space 1536K, 83% used [0x00000000eba00000,0x00000000ebb402d0,0x00000000ebb80000)
  to   space 1024K, 0% used [0x00000000ebb80000,0x00000000ebb80000,0x00000000ebc80000)
 ParOldGen       total 68608K, used 46780K [0x00000000c0000000, 0x00000000c4300000, 0x00000000eab00000)
  object space 68608K, 68% used [0x00000000c0000000,0x00000000c2daf0e0,0x00000000c4300000)
 Metaspace       used 63586K, committed 64896K, reserved 1114112K
  class space    used 6857K, committed 7360K, reserved 1048576K
}
Event: 99.541 GC heap after
{Heap after GC invocations=99 (full 3):
 PSYoungGen      total 15872K, used 1024K [0x00000000eab00000, 0x00000000ebc80000, 0x0000000100000000)
  eden space 14848K, 0% used [0x00000000eab00000,0x00000000eab00000,0x00000000eb980000)
  from space 1024K, 100% used [0x00000000ebb80000,0x00000000ebc80000,0x00000000ebc80000)
  to   space 1536K, 0% used [0x00000000eba00000,0x00000000eba00000,0x00000000ebb80000)
 ParOldGen       total 68608K, used 48274K [0x00000000c0000000, 0x00000000c4300000, 0x00000000eab00000)
  object space 68608K, 70% used [0x00000000c0000000,0x00000000c2f24960,0x00000000c4300000)
 Metaspace       used 63586K, committed 64896K, reserved 1114112K
  class space    used 6857K, committed 7360K, reserved 1048576K
}
Event: 99.577 GC heap before
{Heap before GC invocations=100 (full 3):
 PSYoungGen      total 15872K, used 15872K [0x00000000eab00000, 0x00000000ebc80000, 0x0000000100000000)
  eden space 14848K, 100% used [0x00000000eab00000,0x00000000eb980000,0x00000000eb980000)
  from space 1024K, 100% used [0x00000000ebb80000,0x00000000ebc80000,0x00000000ebc80000)
  to   space 1536K, 0% used [0x00000000eba00000,0x00000000eba00000,0x00000000ebb80000)
 ParOldGen       total 68608K, used 48274K [0x00000000c0000000, 0x00000000c4300000, 0x00000000eab00000)
  object space 68608K, 70% used [0x00000000c0000000,0x00000000c2f24960,0x00000000c4300000)
 Metaspace       used 63604K, committed 64896K, reserved 1114112K
  class space    used 6858K, committed 7360K, reserved 1048576K
}
Event: 100.581 GC heap after
{Heap after GC invocations=100 (full 3):
 PSYoungGen      total 16384K, used 1440K [0x00000000eab00000, 0x00000000ebd80000, 0x0000000100000000)
  eden space 14848K, 0% used [0x00000000eab00000,0x00000000eab00000,0x00000000eb980000)
  from space 1536K, 93% used [0x00000000eba00000,0x00000000ebb68010,0x00000000ebb80000)
  to   space 2048K, 0% used [0x00000000ebb80000,0x00000000ebb80000,0x00000000ebd80000)
 ParOldGen       total 68608K, used 49306K [0x00000000c0000000, 0x00000000c4300000, 0x00000000eab00000)
  object space 68608K, 71% used [0x00000000c0000000,0x00000000c3026960,0x00000000c4300000)
 Metaspace       used 63604K, committed 64896K, reserved 1114112K
  class space    used 6858K, committed 7360K, reserved 1048576K
}
Event: 100.632 GC heap before
{Heap before GC invocations=101 (full 3):
 PSYoungGen      total 16384K, used 16288K [0x00000000eab00000, 0x00000000ebd80000, 0x0000000100000000)
  eden space 14848K, 100% used [0x00000000eab00000,0x00000000eb980000,0x00000000eb980000)
  from space 1536K, 93% used [0x00000000eba00000,0x00000000ebb68010,0x00000000ebb80000)
  to   space 2048K, 0% used [0x00000000ebb80000,0x00000000ebb80000,0x00000000ebd80000)
 ParOldGen       total 68608K, used 49306K [0x00000000c0000000, 0x00000000c4300000, 0x00000000eab00000)
  object space 68608K, 71% used [0x00000000c0000000,0x00000000c3026960,0x00000000c4300000)
 Metaspace       used 63605K, committed 64896K, reserved 1114112K
  class space    used 6858K, committed 7360K, reserved 1048576K
}
Event: 100.640 GC heap after
{Heap after GC invocations=101 (full 3):
 PSYoungGen      total 15872K, used 992K [0x00000000eab00000, 0x00000000ebc80000, 0x0000000100000000)
  eden space 14848K, 0% used [0x00000000eab00000,0x00000000eab00000,0x00000000eb980000)
  from space 1024K, 96% used [0x00000000ebb80000,0x00000000ebc78000,0x00000000ebc80000)
  to   space 1536K, 0% used [0x00000000eb980000,0x00000000eb980000,0x00000000ebb00000)
 ParOldGen       total 68608K, used 50722K [0x00000000c0000000, 0x00000000c4300000, 0x00000000eab00000)
  object space 68608K, 73% used [0x00000000c0000000,0x00000000c3188970,0x00000000c4300000)
 Metaspace       used 63605K, committed 64896K, reserved 1114112K
  class space    used 6858K, committed 7360K, reserved 1048576K
}
Event: 101.841 GC heap before
{Heap before GC invocations=102 (full 3):
 PSYoungGen      total 15872K, used 15790K [0x00000000eab00000, 0x00000000ebc80000, 0x0000000100000000)
  eden space 14848K, 99% used [0x00000000eab00000,0x00000000eb973a10,0x00000000eb980000)
  from space 1024K, 96% used [0x00000000ebb80000,0x00000000ebc78000,0x00000000ebc80000)
  to   space 1536K, 0% used [0x00000000eb980000,0x00000000eb980000,0x00000000ebb00000)
 ParOldGen       total 68608K, used 50722K [0x00000000c0000000, 0x00000000c4300000, 0x00000000eab00000)
  object space 68608K, 73% used [0x00000000c0000000,0x00000000c3188970,0x00000000c4300000)
 Metaspace       used 64231K, committed 65536K, reserved 1114112K
  class space    used 6954K, committed 7488K, reserved 1048576K
}
Event: 101.844 GC heap after
{Heap after GC invocations=102 (full 3):
 PSYoungGen      total 16384K, used 781K [0x00000000eab00000, 0x00000000ebc00000, 0x0000000100000000)
  eden space 14848K, 0% used [0x00000000eab00000,0x00000000eab00000,0x00000000eb980000)
  from space 1536K, 50% used [0x00000000eb980000,0x00000000eba43650,0x00000000ebb00000)
  to   space 1024K, 0% used [0x00000000ebb00000,0x00000000ebb00000,0x00000000ebc00000)
 ParOldGen       total 68608K, used 51658K [0x00000000c0000000, 0x00000000c4300000, 0x00000000eab00000)
  object space 68608K, 75% used [0x00000000c0000000,0x00000000c3272970,0x00000000c4300000)
 Metaspace       used 64231K, committed 65536K, reserved 1114112K
  class space    used 6954K, committed 7488K, reserved 1048576K
}
Event: 102.531 GC heap before
{Heap before GC invocations=103 (full 3):
 PSYoungGen      total 16384K, used 15581K [0x00000000eab00000, 0x00000000ebc00000, 0x0000000100000000)
  eden space 14848K, 99% used [0x00000000eab00000,0x00000000eb973e90,0x00000000eb980000)
  from space 1536K, 50% used [0x00000000eb980000,0x00000000eba43650,0x00000000ebb00000)
  to   space 1024K, 0% used [0x00000000ebb00000,0x00000000ebb00000,0x00000000ebc00000)
 ParOldGen       total 68608K, used 51658K [0x00000000c0000000, 0x00000000c4300000, 0x00000000eab00000)
  object space 68608K, 75% used [0x00000000c0000000,0x00000000c3272970,0x00000000c4300000)
 Metaspace       used 65441K, committed 66752K, reserved 1114112K
  class space    used 7078K, committed 7616K, reserved 1048576K
}
Event: 102.535 GC heap after
{Heap after GC invocations=103 (full 3):
 PSYoungGen      total 15360K, used 480K [0x00000000eab00000, 0x00000000ebb80000, 0x0000000100000000)
  eden space 14848K, 0% used [0x00000000eab00000,0x00000000eab00000,0x00000000eb980000)
  from space 512K, 93% used [0x00000000ebb00000,0x00000000ebb78040,0x00000000ebb80000)
  to   space 1024K, 0% used [0x00000000eb980000,0x00000000eb980000,0x00000000eba80000)
 ParOldGen       total 68608K, used 52156K [0x00000000c0000000, 0x00000000c4300000, 0x00000000eab00000)
  object space 68608K, 76% used [0x00000000c0000000,0x00000000c32ef1a0,0x00000000c4300000)
 Metaspace       used 65441K, committed 66752K, reserved 1114112K
  class space    used 7078K, committed 7616K, reserved 1048576K
}
Event: 103.101 GC heap before
{Heap before GC invocations=104 (full 3):
 PSYoungGen      total 15360K, used 15328K [0x00000000eab00000, 0x00000000ebb80000, 0x0000000100000000)
  eden space 14848K, 100% used [0x00000000eab00000,0x00000000eb980000,0x00000000eb980000)
  from space 512K, 93% used [0x00000000ebb00000,0x00000000ebb78040,0x00000000ebb80000)
  to   space 1024K, 0% used [0x00000000eb980000,0x00000000eb980000,0x00000000eba80000)
 ParOldGen       total 68608K, used 52156K [0x00000000c0000000, 0x00000000c4300000, 0x00000000eab00000)
  object space 68608K, 76% used [0x00000000c0000000,0x00000000c32ef1a0,0x00000000c4300000)
 Metaspace       used 66131K, committed 67456K, reserved 1114112K
  class space    used 7155K, committed 7680K, reserved 1048576K
}
Event: 103.104 GC heap after
{Heap after GC invocations=104 (full 3):
 PSYoungGen      total 15872K, used 384K [0x00000000eab00000, 0x00000000ebb80000, 0x0000000100000000)
  eden space 14848K, 0% used [0x00000000eab00000,0x00000000eab00000,0x00000000eb980000)
  from space 1024K, 37% used [0x00000000eb980000,0x00000000eb9e0010,0x00000000eba80000)
  to   space 512K, 0% used [0x00000000ebb00000,0x00000000ebb00000,0x00000000ebb80000)
 ParOldGen       total 68608K, used 52559K [0x00000000c0000000, 0x00000000c4300000, 0x00000000eab00000)
  object space 68608K, 76% used [0x00000000c0000000,0x00000000c3353db8,0x00000000c4300000)
 Metaspace       used 66131K, committed 67456K, reserved 1114112K
  class space    used 7155K, committed 7680K, reserved 1048576K
}
Event: 103.816 GC heap before
{Heap before GC invocations=105 (full 3):
 PSYoungGen      total 15872K, used 15232K [0x00000000eab00000, 0x00000000ebb80000, 0x0000000100000000)
  eden space 14848K, 100% used [0x00000000eab00000,0x00000000eb980000,0x00000000eb980000)
  from space 1024K, 37% used [0x00000000eb980000,0x00000000eb9e0010,0x00000000eba80000)
  to   space 512K, 0% used [0x00000000ebb00000,0x00000000ebb00000,0x00000000ebb80000)
 ParOldGen       total 68608K, used 52559K [0x00000000c0000000, 0x00000000c4300000, 0x00000000eab00000)
  object space 68608K, 76% used [0x00000000c0000000,0x00000000c3353db8,0x00000000c4300000)
 Metaspace       used 67134K, committed 68480K, reserved 1114112K
  class space    used 7265K, committed 7808K, reserved 1048576K
}
Event: 103.820 GC heap after
{Heap after GC invocations=105 (full 3):
 PSYoungGen      total 13824K, used 495K [0x00000000eab00000, 0x00000000ebf80000, 0x0000000100000000)
  eden space 13312K, 0% used [0x00000000eab00000,0x00000000eab00000,0x00000000eb800000)
  from space 512K, 96% used [0x00000000ebb00000,0x00000000ebb7bdd0,0x00000000ebb80000)
  to   space 3072K, 0% used [0x00000000eb800000,0x00000000eb800000,0x00000000ebb00000)
 ParOldGen       total 68608K, used 54500K [0x00000000c0000000, 0x00000000c4300000, 0x00000000eab00000)
  object space 68608K, 79% used [0x00000000c0000000,0x00000000c3539240,0x00000000c4300000)
 Metaspace       used 67134K, committed 68480K, reserved 1114112K
  class space    used 7265K, committed 7808K, reserved 1048576K
}
Event: 109.011 GC heap before
{Heap before GC invocations=106 (full 3):
 PSYoungGen      total 13824K, used 13807K [0x00000000eab00000, 0x00000000ebf80000, 0x0000000100000000)
  eden space 13312K, 100% used [0x00000000eab00000,0x00000000eb800000,0x00000000eb800000)
  from space 512K, 96% used [0x00000000ebb00000,0x00000000ebb7bdd0,0x00000000ebb80000)
  to   space 3072K, 0% used [0x00000000eb800000,0x00000000eb800000,0x00000000ebb00000)
 ParOldGen       total 68608K, used 54500K [0x00000000c0000000, 0x00000000c4300000, 0x00000000eab00000)
  object space 68608K, 79% used [0x00000000c0000000,0x00000000c3539240,0x00000000c4300000)
 Metaspace       used 67705K, committed 69056K, reserved 1114112K
  class space    used 7328K, committed 7872K, reserved 1048576K
}
Event: 109.016 GC heap after
{Heap after GC invocations=106 (full 3):
 PSYoungGen      total 16384K, used 2540K [0x00000000eab00000, 0x00000000ebe00000, 0x0000000100000000)
  eden space 13312K, 0% used [0x00000000eab00000,0x00000000eab00000,0x00000000eb800000)
  from space 3072K, 82% used [0x00000000eb800000,0x00000000eba7b1f8,0x00000000ebb00000)
  to   space 3072K, 0% used [0x00000000ebb00000,0x00000000ebb00000,0x00000000ebe00000)
 ParOldGen       total 68608K, used 54993K [0x00000000c0000000, 0x00000000c4300000, 0x00000000eab00000)
  object space 68608K, 80% used [0x00000000c0000000,0x00000000c35b4440,0x00000000c4300000)
 Metaspace       used 67705K, committed 69056K, reserved 1114112K
  class space    used 7328K, committed 7872K, reserved 1048576K
}

